<?xml version="1.0" encoding="UTF-8"?>
<testng-results total="1" passed="1" failed="0" skipped="0">
  <reporter-output>
    <line>
      <![CDATA[Application opened]]>
    </line>
    <line>
      <![CDATA[Login completed]]>
    </line>
    <line>
      <![CDATA[Logout Completed]]>
    </line>
  </reporter-output>
  <suite started-at="2021-10-30T04:21:04Z" name="Default suite" finished-at="2021-10-30T04:21:09Z" duration-ms="5073">
    <groups>
    </groups>
    <test started-at="2021-10-30T04:21:04Z" name="Default test" finished-at="2021-10-30T04:21:09Z" duration-ms="5073">
      <class name="org.testngExamples.Selenium_testNG">
        <test-method is-config="true" signature="startUp()[pri:0, instance:org.testngExamples.Selenium_testNG@478db956]" started-at="2021-10-30T09:51:04Z" name="startUp" finished-at="2021-10-30T09:51:06Z" duration-ms="1631" status="PASS">
          <reporter-output>
          </reporter-output>
        </test-method> <!-- startUp -->
        <test-method signature="tc001()[pri:0, instance:org.testngExamples.Selenium_testNG@478db956]" started-at="2021-10-30T09:51:06Z" name="tc001" finished-at="2021-10-30T09:51:09Z" duration-ms="3347" status="PASS">
          <reporter-output>
            <line>
              <![CDATA[Application opened]]>
            </line>
            <line>
              <![CDATA[Login completed]]>
            </line>
            <line>
              <![CDATA[Logout Completed]]>
            </line>
          </reporter-output>
        </test-method> <!-- tc001 -->
        <test-method is-config="true" signature="tearDown()[pri:0, instance:org.testngExamples.Selenium_testNG@478db956]" started-at="2021-10-30T09:51:09Z" name="tearDown" finished-at="2021-10-30T09:51:09Z" duration-ms="85" status="PASS">
          <reporter-output>
          </reporter-output>
        </test-method> <!-- tearDown -->
      </class> <!-- org.testngExamples.Selenium_testNG -->
    </test> <!-- Default test -->
  </suite> <!-- Default suite -->
</testng-results>
